{"instant":{"epochSecond":1688484679,"nanoOfSecond":82693000},"thread":"http-nio-8080-exec-3","level":"DEBUG","loggerName":"de.cjt.controller.LoggingController","message":"A DEBUG Message","endOfBatch":false,"loggerFqcn":"org.apache.logging.slf4j.Log4jLogger","threadId":32,"threadPriority":5}
{"instant":{"epochSecond":1688484679,"nanoOfSecond":103698500},"thread":"http-nio-8080-exec-3","level":"INFO","loggerName":"de.cjt.controller.LoggingController","message":"An INFO Message","endOfBatch":false,"loggerFqcn":"org.apache.logging.slf4j.Log4jLogger","threadId":32,"threadPriority":5}
{"instant":{"epochSecond":1688484679,"nanoOfSecond":103698500},"thread":"http-nio-8080-exec-3","level":"WARN","loggerName":"de.cjt.controller.LoggingController","message":"A WARN Message","endOfBatch":false,"loggerFqcn":"org.apache.logging.slf4j.Log4jLogger","threadId":32,"threadPriority":5}
{"instant":{"epochSecond":1688484679,"nanoOfSecond":103698500},"thread":"http-nio-8080-exec-3","level":"ERROR","loggerName":"de.cjt.controller.LoggingController","message":"An ERROR Message","endOfBatch":false,"loggerFqcn":"org.apache.logging.slf4j.Log4jLogger","threadId":32,"threadPriority":5}
{"instant":{"epochSecond":1688484679,"nanoOfSecond":176683300},"thread":"http-nio-8080-exec-6","level":"TRACE","loggerName":"de.cjt.controller.LoggingController","message":"A TRACE Message","endOfBatch":false,"loggerFqcn":"org.apache.logging.slf4j.Log4jLogger","threadId":35,"threadPriority":5}
{"instant":{"epochSecond":1688484679,"nanoOfSecond":176683300},"thread":"http-nio-8080-exec-6","level":"DEBUG","loggerName":"de.cjt.controller.LoggingController","message":"A DEBUG Message","endOfBatch":false,"loggerFqcn":"org.apache.logging.slf4j.Log4jLogger","threadId":35,"threadPriority":5}
{"instant":{"epochSecond":1688484679,"nanoOfSecond":176683300},"thread":"http-nio-8080-exec-6","level":"INFO","loggerName":"de.cjt.controller.LoggingController","message":"An INFO Message","endOfBatch":false,"loggerFqcn":"org.apache.logging.slf4j.Log4jLogger","threadId":35,"threadPriority":5}
{"instant":{"epochSecond":1688484679,"nanoOfSecond":176683300},"thread":"http-nio-8080-exec-6","level":"WARN","loggerName":"de.cjt.controller.LoggingController","message":"A WARN Message","endOfBatch":false,"loggerFqcn":"org.apache.logging.slf4j.Log4jLogger","threadId":35,"threadPriority":5}
{"instant":{"epochSecond":1688484679,"nanoOfSecond":176683300},"thread":"http-nio-8080-exec-6","level":"ERROR","loggerName":"de.cjt.controller.LoggingController","message":"An ERROR Message","endOfBatch":false,"loggerFqcn":"org.apache.logging.slf4j.Log4jLogger","threadId":35,"threadPriority":5}
{"instant":{"epochSecond":1688484679,"nanoOfSecond":197690300},"thread":"http-nio-8080-exec-7","level":"TRACE","loggerName":"de.cjt.controller.LoggingController","message":"A TRACE Message","endOfBatch":false,"loggerFqcn":"org.apache.logging.slf4j.Log4jLogger","threadId":36,"threadPriority":5}
{"instant":{"epochSecond":1688484679,"nanoOfSecond":197690300},"thread":"http-nio-8080-exec-7","level":"DEBUG","loggerName":"de.cjt.controller.LoggingController","message":"A DEBUG Message","endOfBatch":false,"loggerFqcn":"org.apache.logging.slf4j.Log4jLogger","threadId":36,"threadPriority":5}
{"instant":{"epochSecond":1688484679,"nanoOfSecond":197690300},"thread":"http-nio-8080-exec-7","level":"INFO","loggerName":"de.cjt.controller.LoggingController","message":"An INFO Message","endOfBatch":false,"loggerFqcn":"org.apache.logging.slf4j.Log4jLogger","threadId":36,"threadPriority":5}
{"instant":{"epochSecond":1688484679,"nanoOfSecond":197690300},"thread":"http-nio-8080-exec-7","level":"WARN","loggerName":"de.cjt.controller.LoggingController","message":"A WARN Message","endOfBatch":false,"loggerFqcn":"org.apache.logging.slf4j.Log4jLogger","threadId":36,"threadPriority":5}
{"instant":{"epochSecond":1688484679,"nanoOfSecond":197690300},"thread":"http-nio-8080-exec-7","level":"ERROR","loggerName":"de.cjt.controller.LoggingController","message":"An ERROR Message","endOfBatch":false,"loggerFqcn":"org.apache.logging.slf4j.Log4jLogger","threadId":36,"threadPriority":5}
{"instant":{"epochSecond":1688484679,"nanoOfSecond":260951100},"thread":"http-nio-8080-exec-8","level":"TRACE","loggerName":"de.cjt.controller.LoggingController","message":"A TRACE Message","endOfBatch":false,"loggerFqcn":"org.apache.logging.slf4j.Log4jLogger","threadId":37,"threadPriority":5}
{"instant":{"epochSecond":1688484679,"nanoOfSecond":260951100},"thread":"http-nio-8080-exec-8","level":"DEBUG","loggerName":"de.cjt.controller.LoggingController","message":"A DEBUG Message","endOfBatch":false,"loggerFqcn":"org.apache.logging.slf4j.Log4jLogger","threadId":37,"threadPriority":5}
{"instant":{"epochSecond":1688484679,"nanoOfSecond":260951100},"thread":"http-nio-8080-exec-8","level":"INFO","loggerName":"de.cjt.controller.LoggingController","message":"An INFO Message","endOfBatch":false,"loggerFqcn":"org.apache.logging.slf4j.Log4jLogger","threadId":37,"threadPriority":5}
{"instant":{"epochSecond":1688484679,"nanoOfSecond":260951100},"thread":"http-nio-8080-exec-8","level":"WARN","loggerName":"de.cjt.controller.LoggingController","message":"A WARN Message","endOfBatch":false,"loggerFqcn":"org.apache.logging.slf4j.Log4jLogger","threadId":37,"threadPriority":5}
{"instant":{"epochSecond":1688484679,"nanoOfSecond":261951700},"thread":"http-nio-8080-exec-8","level":"ERROR","loggerName":"de.cjt.controller.LoggingController","message":"An ERROR Message","endOfBatch":false,"loggerFqcn":"org.apache.logging.slf4j.Log4jLogger","threadId":37,"threadPriority":5}
{"instant":{"epochSecond":1688484679,"nanoOfSecond":297958900},"thread":"http-nio-8080-exec-10","level":"TRACE","loggerName":"de.cjt.controller.LoggingController","message":"A TRACE Message","endOfBatch":false,"loggerFqcn":"org.apache.logging.slf4j.Log4jLogger","threadId":39,"threadPriority":5}
{"instant":{"epochSecond":1688484679,"nanoOfSecond":298958200},"thread":"http-nio-8080-exec-10","level":"DEBUG","loggerName":"de.cjt.controller.LoggingController","message":"A DEBUG Message","endOfBatch":false,"loggerFqcn":"org.apache.logging.slf4j.Log4jLogger","threadId":39,"threadPriority":5}
{"instant":{"epochSecond":1688484679,"nanoOfSecond":298958200},"thread":"http-nio-8080-exec-10","level":"INFO","loggerName":"de.cjt.controller.LoggingController","message":"An INFO Message","endOfBatch":false,"loggerFqcn":"org.apache.logging.slf4j.Log4jLogger","threadId":39,"threadPriority":5}
{"instant":{"epochSecond":1688484679,"nanoOfSecond":298958200},"thread":"http-nio-8080-exec-10","level":"WARN","loggerName":"de.cjt.controller.LoggingController","message":"A WARN Message","endOfBatch":false,"loggerFqcn":"org.apache.logging.slf4j.Log4jLogger","threadId":39,"threadPriority":5}
{"instant":{"epochSecond":1688484679,"nanoOfSecond":298958200},"thread":"http-nio-8080-exec-10","level":"ERROR","loggerName":"de.cjt.controller.LoggingController","message":"An ERROR Message","endOfBatch":false,"loggerFqcn":"org.apache.logging.slf4j.Log4jLogger","threadId":39,"threadPriority":5}
{"instant":{"epochSecond":1688484679,"nanoOfSecond":329408400},"thread":"http-nio-8080-exec-1","level":"TRACE","loggerName":"de.cjt.controller.LoggingController","message":"A TRACE Message","endOfBatch":false,"loggerFqcn":"org.apache.logging.slf4j.Log4jLogger","threadId":30,"threadPriority":5}
{"instant":{"epochSecond":1688484679,"nanoOfSecond":329408400},"thread":"http-nio-8080-exec-1","level":"DEBUG","loggerName":"de.cjt.controller.LoggingController","message":"A DEBUG Message","endOfBatch":false,"loggerFqcn":"org.apache.logging.slf4j.Log4jLogger","threadId":30,"threadPriority":5}
{"instant":{"epochSecond":1688484679,"nanoOfSecond":329408400},"thread":"http-nio-8080-exec-1","level":"INFO","loggerName":"de.cjt.controller.LoggingController","message":"An INFO Message","endOfBatch":false,"loggerFqcn":"org.apache.logging.slf4j.Log4jLogger","threadId":30,"threadPriority":5}
{"instant":{"epochSecond":1688484679,"nanoOfSecond":329408400},"thread":"http-nio-8080-exec-1","level":"WARN","loggerName":"de.cjt.controller.LoggingController","message":"A WARN Message","endOfBatch":false,"loggerFqcn":"org.apache.logging.slf4j.Log4jLogger","threadId":30,"threadPriority":5}
{"instant":{"epochSecond":1688484679,"nanoOfSecond":329408400},"thread":"http-nio-8080-exec-1","level":"ERROR","loggerName":"de.cjt.controller.LoggingController","message":"An ERROR Message","endOfBatch":false,"loggerFqcn":"org.apache.logging.slf4j.Log4jLogger","threadId":30,"threadPriority":5}
{"instant":{"epochSecond":1688484679,"nanoOfSecond":349415400},"thread":"http-nio-8080-exec-9","level":"TRACE","loggerName":"de.cjt.controller.LoggingController","message":"A TRACE Message","endOfBatch":false,"loggerFqcn":"org.apache.logging.slf4j.Log4jLogger","threadId":38,"threadPriority":5}
{"instant":{"epochSecond":1688484679,"nanoOfSecond":349415400},"thread":"http-nio-8080-exec-9","level":"DEBUG","loggerName":"de.cjt.controller.LoggingController","message":"A DEBUG Message","endOfBatch":false,"loggerFqcn":"org.apache.logging.slf4j.Log4jLogger","threadId":38,"threadPriority":5}
{"instant":{"epochSecond":1688484679,"nanoOfSecond":349415400},"thread":"http-nio-8080-exec-9","level":"INFO","loggerName":"de.cjt.controller.LoggingController","message":"An INFO Message","endOfBatch":false,"loggerFqcn":"org.apache.logging.slf4j.Log4jLogger","threadId":38,"threadPriority":5}
{"instant":{"epochSecond":1688484679,"nanoOfSecond":349415400},"thread":"http-nio-8080-exec-9","level":"WARN","loggerName":"de.cjt.controller.LoggingController","message":"A WARN Message","endOfBatch":false,"loggerFqcn":"org.apache.logging.slf4j.Log4jLogger","threadId":38,"threadPriority":5}
{"instant":{"epochSecond":1688484679,"nanoOfSecond":349415400},"thread":"http-nio-8080-exec-9","level":"ERROR","loggerName":"de.cjt.controller.LoggingController","message":"An ERROR Message","endOfBatch":false,"loggerFqcn":"org.apache.logging.slf4j.Log4jLogger","threadId":38,"threadPriority":5}
{"instant":{"epochSecond":1688484679,"nanoOfSecond":402425200},"thread":"http-nio-8080-exec-2","level":"TRACE","loggerName":"de.cjt.controller.LoggingController","message":"A TRACE Message","endOfBatch":false,"loggerFqcn":"org.apache.logging.slf4j.Log4jLogger","threadId":31,"threadPriority":5}
{"instant":{"epochSecond":1688484679,"nanoOfSecond":402425200},"thread":"http-nio-8080-exec-2","level":"DEBUG","loggerName":"de.cjt.controller.LoggingController","message":"A DEBUG Message","endOfBatch":false,"loggerFqcn":"org.apache.logging.slf4j.Log4jLogger","threadId":31,"threadPriority":5}
{"instant":{"epochSecond":1688484679,"nanoOfSecond":402425200},"thread":"http-nio-8080-exec-2","level":"INFO","loggerName":"de.cjt.controller.LoggingController","message":"An INFO Message","endOfBatch":false,"loggerFqcn":"org.apache.logging.slf4j.Log4jLogger","threadId":31,"threadPriority":5}
{"instant":{"epochSecond":1688484679,"nanoOfSecond":402425200},"thread":"http-nio-8080-exec-2","level":"WARN","loggerName":"de.cjt.controller.LoggingController","message":"A WARN Message","endOfBatch":false,"loggerFqcn":"org.apache.logging.slf4j.Log4jLogger","threadId":31,"threadPriority":5}
{"instant":{"epochSecond":1688484679,"nanoOfSecond":402425200},"thread":"http-nio-8080-exec-2","level":"ERROR","loggerName":"de.cjt.controller.LoggingController","message":"An ERROR Message","endOfBatch":false,"loggerFqcn":"org.apache.logging.slf4j.Log4jLogger","threadId":31,"threadPriority":5}
{"instant":{"epochSecond":1688484679,"nanoOfSecond":468441000},"thread":"http-nio-8080-exec-4","level":"TRACE","loggerName":"de.cjt.controller.LoggingController","message":"A TRACE Message","endOfBatch":false,"loggerFqcn":"org.apache.logging.slf4j.Log4jLogger","threadId":33,"threadPriority":5}
{"instant":{"epochSecond":1688484679,"nanoOfSecond":468441000},"thread":"http-nio-8080-exec-4","level":"DEBUG","loggerName":"de.cjt.controller.LoggingController","message":"A DEBUG Message","endOfBatch":false,"loggerFqcn":"org.apache.logging.slf4j.Log4jLogger","threadId":33,"threadPriority":5}
{"instant":{"epochSecond":1688484679,"nanoOfSecond":468441000},"thread":"http-nio-8080-exec-4","level":"INFO","loggerName":"de.cjt.controller.LoggingController","message":"An INFO Message","endOfBatch":false,"loggerFqcn":"org.apache.logging.slf4j.Log4jLogger","threadId":33,"threadPriority":5}
{"instant":{"epochSecond":1688484679,"nanoOfSecond":468441000},"thread":"http-nio-8080-exec-4","level":"WARN","loggerName":"de.cjt.controller.LoggingController","message":"A WARN Message","endOfBatch":false,"loggerFqcn":"org.apache.logging.slf4j.Log4jLogger","threadId":33,"threadPriority":5}
{"instant":{"epochSecond":1688484679,"nanoOfSecond":468441000},"thread":"http-nio-8080-exec-4","level":"ERROR","loggerName":"de.cjt.controller.LoggingController","message":"An ERROR Message","endOfBatch":false,"loggerFqcn":"org.apache.logging.slf4j.Log4jLogger","threadId":33,"threadPriority":5}
{"instant":{"epochSecond":1688484679,"nanoOfSecond":493467300},"thread":"http-nio-8080-exec-5","level":"TRACE","loggerName":"de.cjt.controller.LoggingController","message":"A TRACE Message","endOfBatch":false,"loggerFqcn":"org.apache.logging.slf4j.Log4jLogger","threadId":34,"threadPriority":5}
{"instant":{"epochSecond":1688484679,"nanoOfSecond":493467300},"thread":"http-nio-8080-exec-5","level":"DEBUG","loggerName":"de.cjt.controller.LoggingController","message":"A DEBUG Message","endOfBatch":false,"loggerFqcn":"org.apache.logging.slf4j.Log4jLogger","threadId":34,"threadPriority":5}
{"instant":{"epochSecond":1688484679,"nanoOfSecond":493467300},"thread":"http-nio-8080-exec-5","level":"INFO","loggerName":"de.cjt.controller.LoggingController","message":"An INFO Message","endOfBatch":false,"loggerFqcn":"org.apache.logging.slf4j.Log4jLogger","threadId":34,"threadPriority":5}
{"instant":{"epochSecond":1688484679,"nanoOfSecond":493467300},"thread":"http-nio-8080-exec-5","level":"WARN","loggerName":"de.cjt.controller.LoggingController","message":"A WARN Message","endOfBatch":false,"loggerFqcn":"org.apache.logging.slf4j.Log4jLogger","threadId":34,"threadPriority":5}
{"instant":{"epochSecond":1688484679,"nanoOfSecond":493467300},"thread":"http-nio-8080-exec-5","level":"ERROR","loggerName":"de.cjt.controller.LoggingController","message":"An ERROR Message","endOfBatch":false,"loggerFqcn":"org.apache.logging.slf4j.Log4jLogger","threadId":34,"threadPriority":5}
{"instant":{"epochSecond":1688484679,"nanoOfSecond":549518900},"thread":"http-nio-8080-exec-3","level":"TRACE","loggerName":"de.cjt.controller.LoggingController","message":"A TRACE Message","endOfBatch":false,"loggerFqcn":"org.apache.logging.slf4j.Log4jLogger","threadId":32,"threadPriority":5}
{"instant":{"epochSecond":1688484679,"nanoOfSecond":549518900},"thread":"http-nio-8080-exec-3","level":"DEBUG","loggerName":"de.cjt.controller.LoggingController","message":"A DEBUG Message","endOfBatch":false,"loggerFqcn":"org.apache.logging.slf4j.Log4jLogger","threadId":32,"threadPriority":5}
{"instant":{"epochSecond":1688484679,"nanoOfSecond":549518900},"thread":"http-nio-8080-exec-3","level":"INFO","loggerName":"de.cjt.controller.LoggingController","message":"An INFO Message","endOfBatch":false,"loggerFqcn":"org.apache.logging.slf4j.Log4jLogger","threadId":32,"threadPriority":5}
{"instant":{"epochSecond":1688484679,"nanoOfSecond":549518900},"thread":"http-nio-8080-exec-3","level":"WARN","loggerName":"de.cjt.controller.LoggingController","message":"A WARN Message","endOfBatch":false,"loggerFqcn":"org.apache.logging.slf4j.Log4jLogger","threadId":32,"threadPriority":5}
{"instant":{"epochSecond":1688484679,"nanoOfSecond":549518900},"thread":"http-nio-8080-exec-3","level":"ERROR","loggerName":"de.cjt.controller.LoggingController","message":"An ERROR Message","endOfBatch":false,"loggerFqcn":"org.apache.logging.slf4j.Log4jLogger","threadId":32,"threadPriority":5}
{"instant":{"epochSecond":1688484679,"nanoOfSecond":601565400},"thread":"http-nio-8080-exec-6","level":"TRACE","loggerName":"de.cjt.controller.LoggingController","message":"A TRACE Message","endOfBatch":false,"loggerFqcn":"org.apache.logging.slf4j.Log4jLogger","threadId":35,"threadPriority":5}
{"instant":{"epochSecond":1688484679,"nanoOfSecond":601565400},"thread":"http-nio-8080-exec-6","level":"DEBUG","loggerName":"de.cjt.controller.LoggingController","message":"A DEBUG Message","endOfBatch":false,"loggerFqcn":"org.apache.logging.slf4j.Log4jLogger","threadId":35,"threadPriority":5}
{"instant":{"epochSecond":1688484679,"nanoOfSecond":601565400},"thread":"http-nio-8080-exec-6","level":"INFO","loggerName":"de.cjt.controller.LoggingController","message":"An INFO Message","endOfBatch":false,"loggerFqcn":"org.apache.logging.slf4j.Log4jLogger","threadId":35,"threadPriority":5}
{"instant":{"epochSecond":1688484679,"nanoOfSecond":601565400},"thread":"http-nio-8080-exec-6","level":"WARN","loggerName":"de.cjt.controller.LoggingController","message":"A WARN Message","endOfBatch":false,"loggerFqcn":"org.apache.logging.slf4j.Log4jLogger","threadId":35,"threadPriority":5}
{"instant":{"epochSecond":1688484679,"nanoOfSecond":601565400},"thread":"http-nio-8080-exec-6","level":"ERROR","loggerName":"de.cjt.controller.LoggingController","message":"An ERROR Message","endOfBatch":false,"loggerFqcn":"org.apache.logging.slf4j.Log4jLogger","threadId":35,"threadPriority":5}
{"instant":{"epochSecond":1688484679,"nanoOfSecond":666579800},"thread":"http-nio-8080-exec-7","level":"TRACE","loggerName":"de.cjt.controller.LoggingController","message":"A TRACE Message","endOfBatch":false,"loggerFqcn":"org.apache.logging.slf4j.Log4jLogger","threadId":36,"threadPriority":5}
{"instant":{"epochSecond":1688484679,"nanoOfSecond":666579800},"thread":"http-nio-8080-exec-7","level":"DEBUG","loggerName":"de.cjt.controller.LoggingController","message":"A DEBUG Message","endOfBatch":false,"loggerFqcn":"org.apache.logging.slf4j.Log4jLogger","threadId":36,"threadPriority":5}
{"instant":{"epochSecond":1688484679,"nanoOfSecond":666579800},"thread":"http-nio-8080-exec-7","level":"INFO","loggerName":"de.cjt.controller.LoggingController","message":"An INFO Message","endOfBatch":false,"loggerFqcn":"org.apache.logging.slf4j.Log4jLogger","threadId":36,"threadPriority":5}
{"instant":{"epochSecond":1688484679,"nanoOfSecond":666579800},"thread":"http-nio-8080-exec-7","level":"WARN","loggerName":"de.cjt.controller.LoggingController","message":"A WARN Message","endOfBatch":false,"loggerFqcn":"org.apache.logging.slf4j.Log4jLogger","threadId":36,"threadPriority":5}
{"instant":{"epochSecond":1688484679,"nanoOfSecond":667580100},"thread":"http-nio-8080-exec-7","level":"ERROR","loggerName":"de.cjt.controller.LoggingController","message":"An ERROR Message","endOfBatch":false,"loggerFqcn":"org.apache.logging.slf4j.Log4jLogger","threadId":36,"threadPriority":5}
{"instant":{"epochSecond":1688484679,"nanoOfSecond":735929900},"thread":"http-nio-8080-exec-8","level":"TRACE","loggerName":"de.cjt.controller.LoggingController","message":"A TRACE Message","endOfBatch":false,"loggerFqcn":"org.apache.logging.slf4j.Log4jLogger","threadId":37,"threadPriority":5}
{"instant":{"epochSecond":1688484679,"nanoOfSecond":735929900},"thread":"http-nio-8080-exec-8","level":"DEBUG","loggerName":"de.cjt.controller.LoggingController","message":"A DEBUG Message","endOfBatch":false,"loggerFqcn":"org.apache.logging.slf4j.Log4jLogger","threadId":37,"threadPriority":5}
{"instant":{"epochSecond":1688484679,"nanoOfSecond":735929900},"thread":"http-nio-8080-exec-8","level":"INFO","loggerName":"de.cjt.controller.LoggingController","message":"An INFO Message","endOfBatch":false,"loggerFqcn":"org.apache.logging.slf4j.Log4jLogger","threadId":37,"threadPriority":5}
{"instant":{"epochSecond":1688484679,"nanoOfSecond":735929900},"thread":"http-nio-8080-exec-8","level":"WARN","loggerName":"de.cjt.controller.LoggingController","message":"A WARN Message","endOfBatch":false,"loggerFqcn":"org.apache.logging.slf4j.Log4jLogger","threadId":37,"threadPriority":5}
{"instant":{"epochSecond":1688484679,"nanoOfSecond":735929900},"thread":"http-nio-8080-exec-8","level":"ERROR","loggerName":"de.cjt.controller.LoggingController","message":"An ERROR Message","endOfBatch":false,"loggerFqcn":"org.apache.logging.slf4j.Log4jLogger","threadId":37,"threadPriority":5}
{"instant":{"epochSecond":1688484679,"nanoOfSecond":751933300},"thread":"http-nio-8080-exec-10","level":"TRACE","loggerName":"de.cjt.controller.LoggingController","message":"A TRACE Message","endOfBatch":false,"loggerFqcn":"org.apache.logging.slf4j.Log4jLogger","threadId":39,"threadPriority":5}
