{"instant":{"epochSecond":1688484676,"nanoOfSecond":993807400},"thread":"http-nio-8080-exec-6","level":"TRACE","loggerName":"de.cjt.controller.LoggingController","message":"A TRACE Message","endOfBatch":false,"loggerFqcn":"org.apache.logging.slf4j.Log4jLogger","threadId":35,"threadPriority":5}
{"instant":{"epochSecond":1688484676,"nanoOfSecond":977798400},"thread":"http-nio-8080-exec-3","level":"DEBUG","loggerName":"de.cjt.controller.LoggingController","message":"A DEBUG Message","endOfBatch":false,"loggerFqcn":"org.apache.logging.slf4j.Log4jLogger","threadId":32,"threadPriority":5}
{"instant":{"epochSecond":1688484676,"nanoOfSecond":996807100},"thread":"http-nio-8080-exec-3","level":"INFO","loggerName":"de.cjt.controller.LoggingController","message":"An INFO Message","endOfBatch":false,"loggerFqcn":"org.apache.logging.slf4j.Log4jLogger","threadId":32,"threadPriority":5}
{"instant":{"epochSecond":1688484676,"nanoOfSecond":997810600},"thread":"http-nio-8080-exec-6","level":"DEBUG","loggerName":"de.cjt.controller.LoggingController","message":"A DEBUG Message","endOfBatch":false,"loggerFqcn":"org.apache.logging.slf4j.Log4jLogger","threadId":35,"threadPriority":5}
{"instant":{"epochSecond":1688484676,"nanoOfSecond":997810600},"thread":"http-nio-8080-exec-3","level":"WARN","loggerName":"de.cjt.controller.LoggingController","message":"A WARN Message","endOfBatch":false,"loggerFqcn":"org.apache.logging.slf4j.Log4jLogger","threadId":32,"threadPriority":5}
{"instant":{"epochSecond":1688484676,"nanoOfSecond":997810600},"thread":"http-nio-8080-exec-6","level":"INFO","loggerName":"de.cjt.controller.LoggingController","message":"An INFO Message","endOfBatch":false,"loggerFqcn":"org.apache.logging.slf4j.Log4jLogger","threadId":35,"threadPriority":5}
{"instant":{"epochSecond":1688484676,"nanoOfSecond":997810600},"thread":"http-nio-8080-exec-3","level":"ERROR","loggerName":"de.cjt.controller.LoggingController","message":"An ERROR Message","endOfBatch":false,"loggerFqcn":"org.apache.logging.slf4j.Log4jLogger","threadId":32,"threadPriority":5}
{"instant":{"epochSecond":1688484676,"nanoOfSecond":997810600},"thread":"http-nio-8080-exec-6","level":"WARN","loggerName":"de.cjt.controller.LoggingController","message":"A WARN Message","endOfBatch":false,"loggerFqcn":"org.apache.logging.slf4j.Log4jLogger","threadId":35,"threadPriority":5}
{"instant":{"epochSecond":1688484676,"nanoOfSecond":997810600},"thread":"http-nio-8080-exec-6","level":"ERROR","loggerName":"de.cjt.controller.LoggingController","message":"An ERROR Message","endOfBatch":false,"loggerFqcn":"org.apache.logging.slf4j.Log4jLogger","threadId":35,"threadPriority":5}
{"instant":{"epochSecond":1688484677,"nanoOfSecond":11806800},"thread":"http-nio-8080-exec-7","level":"TRACE","loggerName":"de.cjt.controller.LoggingController","message":"A TRACE Message","endOfBatch":false,"loggerFqcn":"org.apache.logging.slf4j.Log4jLogger","threadId":36,"threadPriority":5}
{"instant":{"epochSecond":1688484677,"nanoOfSecond":11806800},"thread":"http-nio-8080-exec-7","level":"DEBUG","loggerName":"de.cjt.controller.LoggingController","message":"A DEBUG Message","endOfBatch":false,"loggerFqcn":"org.apache.logging.slf4j.Log4jLogger","threadId":36,"threadPriority":5}
{"instant":{"epochSecond":1688484677,"nanoOfSecond":11806800},"thread":"http-nio-8080-exec-7","level":"INFO","loggerName":"de.cjt.controller.LoggingController","message":"An INFO Message","endOfBatch":false,"loggerFqcn":"org.apache.logging.slf4j.Log4jLogger","threadId":36,"threadPriority":5}
{"instant":{"epochSecond":1688484677,"nanoOfSecond":11806800},"thread":"http-nio-8080-exec-7","level":"WARN","loggerName":"de.cjt.controller.LoggingController","message":"A WARN Message","endOfBatch":false,"loggerFqcn":"org.apache.logging.slf4j.Log4jLogger","threadId":36,"threadPriority":5}
{"instant":{"epochSecond":1688484677,"nanoOfSecond":11806800},"thread":"http-nio-8080-exec-7","level":"ERROR","loggerName":"de.cjt.controller.LoggingController","message":"An ERROR Message","endOfBatch":false,"loggerFqcn":"org.apache.logging.slf4j.Log4jLogger","threadId":36,"threadPriority":5}
{"instant":{"epochSecond":1688484677,"nanoOfSecond":38998700},"thread":"http-nio-8080-exec-8","level":"TRACE","loggerName":"de.cjt.controller.LoggingController","message":"A TRACE Message","endOfBatch":false,"loggerFqcn":"org.apache.logging.slf4j.Log4jLogger","threadId":37,"threadPriority":5}
{"instant":{"epochSecond":1688484677,"nanoOfSecond":40027400},"thread":"http-nio-8080-exec-8","level":"DEBUG","loggerName":"de.cjt.controller.LoggingController","message":"A DEBUG Message","endOfBatch":false,"loggerFqcn":"org.apache.logging.slf4j.Log4jLogger","threadId":37,"threadPriority":5}
{"instant":{"epochSecond":1688484677,"nanoOfSecond":40027400},"thread":"http-nio-8080-exec-8","level":"INFO","loggerName":"de.cjt.controller.LoggingController","message":"An INFO Message","endOfBatch":false,"loggerFqcn":"org.apache.logging.slf4j.Log4jLogger","threadId":37,"threadPriority":5}
{"instant":{"epochSecond":1688484677,"nanoOfSecond":40027400},"thread":"http-nio-8080-exec-8","level":"WARN","loggerName":"de.cjt.controller.LoggingController","message":"A WARN Message","endOfBatch":false,"loggerFqcn":"org.apache.logging.slf4j.Log4jLogger","threadId":37,"threadPriority":5}
{"instant":{"epochSecond":1688484677,"nanoOfSecond":40027400},"thread":"http-nio-8080-exec-8","level":"ERROR","loggerName":"de.cjt.controller.LoggingController","message":"An ERROR Message","endOfBatch":false,"loggerFqcn":"org.apache.logging.slf4j.Log4jLogger","threadId":37,"threadPriority":5}
{"instant":{"epochSecond":1688484677,"nanoOfSecond":625942300},"thread":"http-nio-8080-exec-10","level":"TRACE","loggerName":"de.cjt.controller.LoggingController","message":"A TRACE Message","endOfBatch":false,"loggerFqcn":"org.apache.logging.slf4j.Log4jLogger","threadId":39,"threadPriority":5}
{"instant":{"epochSecond":1688484677,"nanoOfSecond":626940300},"thread":"http-nio-8080-exec-10","level":"DEBUG","loggerName":"de.cjt.controller.LoggingController","message":"A DEBUG Message","endOfBatch":false,"loggerFqcn":"org.apache.logging.slf4j.Log4jLogger","threadId":39,"threadPriority":5}
{"instant":{"epochSecond":1688484677,"nanoOfSecond":626940300},"thread":"http-nio-8080-exec-10","level":"INFO","loggerName":"de.cjt.controller.LoggingController","message":"An INFO Message","endOfBatch":false,"loggerFqcn":"org.apache.logging.slf4j.Log4jLogger","threadId":39,"threadPriority":5}
{"instant":{"epochSecond":1688484677,"nanoOfSecond":626940300},"thread":"http-nio-8080-exec-10","level":"WARN","loggerName":"de.cjt.controller.LoggingController","message":"A WARN Message","endOfBatch":false,"loggerFqcn":"org.apache.logging.slf4j.Log4jLogger","threadId":39,"threadPriority":5}
{"instant":{"epochSecond":1688484677,"nanoOfSecond":626940300},"thread":"http-nio-8080-exec-10","level":"ERROR","loggerName":"de.cjt.controller.LoggingController","message":"An ERROR Message","endOfBatch":false,"loggerFqcn":"org.apache.logging.slf4j.Log4jLogger","threadId":39,"threadPriority":5}
{"instant":{"epochSecond":1688484678,"nanoOfSecond":129175000},"thread":"http-nio-8080-exec-9","level":"TRACE","loggerName":"de.cjt.controller.LoggingController","message":"A TRACE Message","endOfBatch":false,"loggerFqcn":"org.apache.logging.slf4j.Log4jLogger","threadId":38,"threadPriority":5}
{"instant":{"epochSecond":1688484678,"nanoOfSecond":130173600},"thread":"http-nio-8080-exec-9","level":"DEBUG","loggerName":"de.cjt.controller.LoggingController","message":"A DEBUG Message","endOfBatch":false,"loggerFqcn":"org.apache.logging.slf4j.Log4jLogger","threadId":38,"threadPriority":5}
{"instant":{"epochSecond":1688484678,"nanoOfSecond":130173600},"thread":"http-nio-8080-exec-9","level":"INFO","loggerName":"de.cjt.controller.LoggingController","message":"An INFO Message","endOfBatch":false,"loggerFqcn":"org.apache.logging.slf4j.Log4jLogger","threadId":38,"threadPriority":5}
{"instant":{"epochSecond":1688484678,"nanoOfSecond":130173600},"thread":"http-nio-8080-exec-9","level":"WARN","loggerName":"de.cjt.controller.LoggingController","message":"A WARN Message","endOfBatch":false,"loggerFqcn":"org.apache.logging.slf4j.Log4jLogger","threadId":38,"threadPriority":5}
{"instant":{"epochSecond":1688484678,"nanoOfSecond":130173600},"thread":"http-nio-8080-exec-9","level":"ERROR","loggerName":"de.cjt.controller.LoggingController","message":"An ERROR Message","endOfBatch":false,"loggerFqcn":"org.apache.logging.slf4j.Log4jLogger","threadId":38,"threadPriority":5}
{"instant":{"epochSecond":1688484678,"nanoOfSecond":180178500},"thread":"http-nio-8080-exec-1","level":"TRACE","loggerName":"de.cjt.controller.LoggingController","message":"A TRACE Message","endOfBatch":false,"loggerFqcn":"org.apache.logging.slf4j.Log4jLogger","threadId":30,"threadPriority":5}
{"instant":{"epochSecond":1688484678,"nanoOfSecond":181179400},"thread":"http-nio-8080-exec-1","level":"DEBUG","loggerName":"de.cjt.controller.LoggingController","message":"A DEBUG Message","endOfBatch":false,"loggerFqcn":"org.apache.logging.slf4j.Log4jLogger","threadId":30,"threadPriority":5}
{"instant":{"epochSecond":1688484678,"nanoOfSecond":181179400},"thread":"http-nio-8080-exec-1","level":"INFO","loggerName":"de.cjt.controller.LoggingController","message":"An INFO Message","endOfBatch":false,"loggerFqcn":"org.apache.logging.slf4j.Log4jLogger","threadId":30,"threadPriority":5}
{"instant":{"epochSecond":1688484678,"nanoOfSecond":181179400},"thread":"http-nio-8080-exec-1","level":"WARN","loggerName":"de.cjt.controller.LoggingController","message":"A WARN Message","endOfBatch":false,"loggerFqcn":"org.apache.logging.slf4j.Log4jLogger","threadId":30,"threadPriority":5}
{"instant":{"epochSecond":1688484678,"nanoOfSecond":181179400},"thread":"http-nio-8080-exec-1","level":"ERROR","loggerName":"de.cjt.controller.LoggingController","message":"An ERROR Message","endOfBatch":false,"loggerFqcn":"org.apache.logging.slf4j.Log4jLogger","threadId":30,"threadPriority":5}
{"instant":{"epochSecond":1688484678,"nanoOfSecond":233557500},"thread":"http-nio-8080-exec-2","level":"TRACE","loggerName":"de.cjt.controller.LoggingController","message":"A TRACE Message","endOfBatch":false,"loggerFqcn":"org.apache.logging.slf4j.Log4jLogger","threadId":31,"threadPriority":5}
{"instant":{"epochSecond":1688484678,"nanoOfSecond":234558100},"thread":"http-nio-8080-exec-2","level":"DEBUG","loggerName":"de.cjt.controller.LoggingController","message":"A DEBUG Message","endOfBatch":false,"loggerFqcn":"org.apache.logging.slf4j.Log4jLogger","threadId":31,"threadPriority":5}
{"instant":{"epochSecond":1688484678,"nanoOfSecond":234558100},"thread":"http-nio-8080-exec-2","level":"INFO","loggerName":"de.cjt.controller.LoggingController","message":"An INFO Message","endOfBatch":false,"loggerFqcn":"org.apache.logging.slf4j.Log4jLogger","threadId":31,"threadPriority":5}
{"instant":{"epochSecond":1688484678,"nanoOfSecond":234558100},"thread":"http-nio-8080-exec-2","level":"WARN","loggerName":"de.cjt.controller.LoggingController","message":"A WARN Message","endOfBatch":false,"loggerFqcn":"org.apache.logging.slf4j.Log4jLogger","threadId":31,"threadPriority":5}
{"instant":{"epochSecond":1688484678,"nanoOfSecond":234558100},"thread":"http-nio-8080-exec-2","level":"ERROR","loggerName":"de.cjt.controller.LoggingController","message":"An ERROR Message","endOfBatch":false,"loggerFqcn":"org.apache.logging.slf4j.Log4jLogger","threadId":31,"threadPriority":5}
{"instant":{"epochSecond":1688484678,"nanoOfSecond":247573100},"thread":"http-nio-8080-exec-5","level":"TRACE","loggerName":"de.cjt.controller.LoggingController","message":"A TRACE Message","endOfBatch":false,"loggerFqcn":"org.apache.logging.slf4j.Log4jLogger","threadId":34,"threadPriority":5}
{"instant":{"epochSecond":1688484678,"nanoOfSecond":248571200},"thread":"http-nio-8080-exec-5","level":"DEBUG","loggerName":"de.cjt.controller.LoggingController","message":"A DEBUG Message","endOfBatch":false,"loggerFqcn":"org.apache.logging.slf4j.Log4jLogger","threadId":34,"threadPriority":5}
{"instant":{"epochSecond":1688484678,"nanoOfSecond":248571200},"thread":"http-nio-8080-exec-5","level":"INFO","loggerName":"de.cjt.controller.LoggingController","message":"An INFO Message","endOfBatch":false,"loggerFqcn":"org.apache.logging.slf4j.Log4jLogger","threadId":34,"threadPriority":5}
{"instant":{"epochSecond":1688484678,"nanoOfSecond":248571200},"thread":"http-nio-8080-exec-5","level":"WARN","loggerName":"de.cjt.controller.LoggingController","message":"A WARN Message","endOfBatch":false,"loggerFqcn":"org.apache.logging.slf4j.Log4jLogger","threadId":34,"threadPriority":5}
{"instant":{"epochSecond":1688484678,"nanoOfSecond":248571200},"thread":"http-nio-8080-exec-5","level":"ERROR","loggerName":"de.cjt.controller.LoggingController","message":"An ERROR Message","endOfBatch":false,"loggerFqcn":"org.apache.logging.slf4j.Log4jLogger","threadId":34,"threadPriority":5}
{"instant":{"epochSecond":1688484678,"nanoOfSecond":274576300},"thread":"http-nio-8080-exec-3","level":"TRACE","loggerName":"de.cjt.controller.LoggingController","message":"A TRACE Message","endOfBatch":false,"loggerFqcn":"org.apache.logging.slf4j.Log4jLogger","threadId":32,"threadPriority":5}
{"instant":{"epochSecond":1688484678,"nanoOfSecond":274576300},"thread":"http-nio-8080-exec-3","level":"DEBUG","loggerName":"de.cjt.controller.LoggingController","message":"A DEBUG Message","endOfBatch":false,"loggerFqcn":"org.apache.logging.slf4j.Log4jLogger","threadId":32,"threadPriority":5}
{"instant":{"epochSecond":1688484678,"nanoOfSecond":274576300},"thread":"http-nio-8080-exec-3","level":"INFO","loggerName":"de.cjt.controller.LoggingController","message":"An INFO Message","endOfBatch":false,"loggerFqcn":"org.apache.logging.slf4j.Log4jLogger","threadId":32,"threadPriority":5}
{"instant":{"epochSecond":1688484678,"nanoOfSecond":274576300},"thread":"http-nio-8080-exec-3","level":"WARN","loggerName":"de.cjt.controller.LoggingController","message":"A WARN Message","endOfBatch":false,"loggerFqcn":"org.apache.logging.slf4j.Log4jLogger","threadId":32,"threadPriority":5}
{"instant":{"epochSecond":1688484678,"nanoOfSecond":274576300},"thread":"http-nio-8080-exec-3","level":"ERROR","loggerName":"de.cjt.controller.LoggingController","message":"An ERROR Message","endOfBatch":false,"loggerFqcn":"org.apache.logging.slf4j.Log4jLogger","threadId":32,"threadPriority":5}
{"instant":{"epochSecond":1688484678,"nanoOfSecond":334591000},"thread":"http-nio-8080-exec-6","level":"TRACE","loggerName":"de.cjt.controller.LoggingController","message":"A TRACE Message","endOfBatch":false,"loggerFqcn":"org.apache.logging.slf4j.Log4jLogger","threadId":35,"threadPriority":5}
{"instant":{"epochSecond":1688484678,"nanoOfSecond":335592400},"thread":"http-nio-8080-exec-6","level":"DEBUG","loggerName":"de.cjt.controller.LoggingController","message":"A DEBUG Message","endOfBatch":false,"loggerFqcn":"org.apache.logging.slf4j.Log4jLogger","threadId":35,"threadPriority":5}
{"instant":{"epochSecond":1688484678,"nanoOfSecond":335592400},"thread":"http-nio-8080-exec-6","level":"INFO","loggerName":"de.cjt.controller.LoggingController","message":"An INFO Message","endOfBatch":false,"loggerFqcn":"org.apache.logging.slf4j.Log4jLogger","threadId":35,"threadPriority":5}
{"instant":{"epochSecond":1688484678,"nanoOfSecond":336687200},"thread":"http-nio-8080-exec-6","level":"WARN","loggerName":"de.cjt.controller.LoggingController","message":"A WARN Message","endOfBatch":false,"loggerFqcn":"org.apache.logging.slf4j.Log4jLogger","threadId":35,"threadPriority":5}
{"instant":{"epochSecond":1688484678,"nanoOfSecond":336687200},"thread":"http-nio-8080-exec-6","level":"ERROR","loggerName":"de.cjt.controller.LoggingController","message":"An ERROR Message","endOfBatch":false,"loggerFqcn":"org.apache.logging.slf4j.Log4jLogger","threadId":35,"threadPriority":5}
{"instant":{"epochSecond":1688484678,"nanoOfSecond":397602000},"thread":"http-nio-8080-exec-7","level":"TRACE","loggerName":"de.cjt.controller.LoggingController","message":"A TRACE Message","endOfBatch":false,"loggerFqcn":"org.apache.logging.slf4j.Log4jLogger","threadId":36,"threadPriority":5}
{"instant":{"epochSecond":1688484678,"nanoOfSecond":397602000},"thread":"http-nio-8080-exec-7","level":"DEBUG","loggerName":"de.cjt.controller.LoggingController","message":"A DEBUG Message","endOfBatch":false,"loggerFqcn":"org.apache.logging.slf4j.Log4jLogger","threadId":36,"threadPriority":5}
{"instant":{"epochSecond":1688484678,"nanoOfSecond":397602000},"thread":"http-nio-8080-exec-7","level":"INFO","loggerName":"de.cjt.controller.LoggingController","message":"An INFO Message","endOfBatch":false,"loggerFqcn":"org.apache.logging.slf4j.Log4jLogger","threadId":36,"threadPriority":5}
{"instant":{"epochSecond":1688484678,"nanoOfSecond":397602000},"thread":"http-nio-8080-exec-7","level":"WARN","loggerName":"de.cjt.controller.LoggingController","message":"A WARN Message","endOfBatch":false,"loggerFqcn":"org.apache.logging.slf4j.Log4jLogger","threadId":36,"threadPriority":5}
{"instant":{"epochSecond":1688484678,"nanoOfSecond":397602000},"thread":"http-nio-8080-exec-7","level":"ERROR","loggerName":"de.cjt.controller.LoggingController","message":"An ERROR Message","endOfBatch":false,"loggerFqcn":"org.apache.logging.slf4j.Log4jLogger","threadId":36,"threadPriority":5}
{"instant":{"epochSecond":1688484678,"nanoOfSecond":413618400},"thread":"http-nio-8080-exec-8","level":"TRACE","loggerName":"de.cjt.controller.LoggingController","message":"A TRACE Message","endOfBatch":false,"loggerFqcn":"org.apache.logging.slf4j.Log4jLogger","threadId":37,"threadPriority":5}
{"instant":{"epochSecond":1688484678,"nanoOfSecond":414623200},"thread":"http-nio-8080-exec-8","level":"DEBUG","loggerName":"de.cjt.controller.LoggingController","message":"A DEBUG Message","endOfBatch":false,"loggerFqcn":"org.apache.logging.slf4j.Log4jLogger","threadId":37,"threadPriority":5}
{"instant":{"epochSecond":1688484678,"nanoOfSecond":414623200},"thread":"http-nio-8080-exec-8","level":"INFO","loggerName":"de.cjt.controller.LoggingController","message":"An INFO Message","endOfBatch":false,"loggerFqcn":"org.apache.logging.slf4j.Log4jLogger","threadId":37,"threadPriority":5}
{"instant":{"epochSecond":1688484678,"nanoOfSecond":414623200},"thread":"http-nio-8080-exec-8","level":"WARN","loggerName":"de.cjt.controller.LoggingController","message":"A WARN Message","endOfBatch":false,"loggerFqcn":"org.apache.logging.slf4j.Log4jLogger","threadId":37,"threadPriority":5}
{"instant":{"epochSecond":1688484678,"nanoOfSecond":414623200},"thread":"http-nio-8080-exec-8","level":"ERROR","loggerName":"de.cjt.controller.LoggingController","message":"An ERROR Message","endOfBatch":false,"loggerFqcn":"org.apache.logging.slf4j.Log4jLogger","threadId":37,"threadPriority":5}
{"instant":{"epochSecond":1688484678,"nanoOfSecond":427624900},"thread":"http-nio-8080-exec-10","level":"TRACE","loggerName":"de.cjt.controller.LoggingController","message":"A TRACE Message","endOfBatch":false,"loggerFqcn":"org.apache.logging.slf4j.Log4jLogger","threadId":39,"threadPriority":5}
{"instant":{"epochSecond":1688484678,"nanoOfSecond":427624900},"thread":"http-nio-8080-exec-10","level":"DEBUG","loggerName":"de.cjt.controller.LoggingController","message":"A DEBUG Message","endOfBatch":false,"loggerFqcn":"org.apache.logging.slf4j.Log4jLogger","threadId":39,"threadPriority":5}
{"instant":{"epochSecond":1688484678,"nanoOfSecond":427624900},"thread":"http-nio-8080-exec-10","level":"INFO","loggerName":"de.cjt.controller.LoggingController","message":"An INFO Message","endOfBatch":false,"loggerFqcn":"org.apache.logging.slf4j.Log4jLogger","threadId":39,"threadPriority":5}
{"instant":{"epochSecond":1688484678,"nanoOfSecond":427624900},"thread":"http-nio-8080-exec-10","level":"WARN","loggerName":"de.cjt.controller.LoggingController","message":"A WARN Message","endOfBatch":false,"loggerFqcn":"org.apache.logging.slf4j.Log4jLogger","threadId":39,"threadPriority":5}
{"instant":{"epochSecond":1688484678,"nanoOfSecond":428624400},"thread":"http-nio-8080-exec-10","level":"ERROR","loggerName":"de.cjt.controller.LoggingController","message":"An ERROR Message","endOfBatch":false,"loggerFqcn":"org.apache.logging.slf4j.Log4jLogger","threadId":39,"threadPriority":5}
{"instant":{"epochSecond":1688484678,"nanoOfSecond":483661200},"thread":"http-nio-8080-exec-9","level":"TRACE","loggerName":"de.cjt.controller.LoggingController","message":"A TRACE Message","endOfBatch":false,"loggerFqcn":"org.apache.logging.slf4j.Log4jLogger","threadId":38,"threadPriority":5}
