{"instant":{"epochSecond":1688484680,"nanoOfSecond":365483900},"thread":"http-nio-8080-exec-5","level":"DEBUG","loggerName":"de.cjt.controller.LoggingController","message":"A DEBUG Message","endOfBatch":false,"loggerFqcn":"org.apache.logging.slf4j.Log4jLogger","threadId":34,"threadPriority":5}
{"instant":{"epochSecond":1688484680,"nanoOfSecond":383502100},"thread":"http-nio-8080-exec-5","level":"INFO","loggerName":"de.cjt.controller.LoggingController","message":"An INFO Message","endOfBatch":false,"loggerFqcn":"org.apache.logging.slf4j.Log4jLogger","threadId":34,"threadPriority":5}
{"instant":{"epochSecond":1688484680,"nanoOfSecond":383502100},"thread":"http-nio-8080-exec-5","level":"WARN","loggerName":"de.cjt.controller.LoggingController","message":"A WARN Message","endOfBatch":false,"loggerFqcn":"org.apache.logging.slf4j.Log4jLogger","threadId":34,"threadPriority":5}
{"instant":{"epochSecond":1688484680,"nanoOfSecond":383502100},"thread":"http-nio-8080-exec-5","level":"ERROR","loggerName":"de.cjt.controller.LoggingController","message":"An ERROR Message","endOfBatch":false,"loggerFqcn":"org.apache.logging.slf4j.Log4jLogger","threadId":34,"threadPriority":5}
{"instant":{"epochSecond":1688484680,"nanoOfSecond":434649400},"thread":"http-nio-8080-exec-3","level":"TRACE","loggerName":"de.cjt.controller.LoggingController","message":"A TRACE Message","endOfBatch":false,"loggerFqcn":"org.apache.logging.slf4j.Log4jLogger","threadId":32,"threadPriority":5}
{"instant":{"epochSecond":1688484680,"nanoOfSecond":434649400},"thread":"http-nio-8080-exec-3","level":"DEBUG","loggerName":"de.cjt.controller.LoggingController","message":"A DEBUG Message","endOfBatch":false,"loggerFqcn":"org.apache.logging.slf4j.Log4jLogger","threadId":32,"threadPriority":5}
{"instant":{"epochSecond":1688484680,"nanoOfSecond":434649400},"thread":"http-nio-8080-exec-3","level":"INFO","loggerName":"de.cjt.controller.LoggingController","message":"An INFO Message","endOfBatch":false,"loggerFqcn":"org.apache.logging.slf4j.Log4jLogger","threadId":32,"threadPriority":5}
{"instant":{"epochSecond":1688484680,"nanoOfSecond":434649400},"thread":"http-nio-8080-exec-3","level":"WARN","loggerName":"de.cjt.controller.LoggingController","message":"A WARN Message","endOfBatch":false,"loggerFqcn":"org.apache.logging.slf4j.Log4jLogger","threadId":32,"threadPriority":5}
{"instant":{"epochSecond":1688484680,"nanoOfSecond":434649400},"thread":"http-nio-8080-exec-3","level":"ERROR","loggerName":"de.cjt.controller.LoggingController","message":"An ERROR Message","endOfBatch":false,"loggerFqcn":"org.apache.logging.slf4j.Log4jLogger","threadId":32,"threadPriority":5}
{"instant":{"epochSecond":1688484680,"nanoOfSecond":494670000},"thread":"http-nio-8080-exec-6","level":"TRACE","loggerName":"de.cjt.controller.LoggingController","message":"A TRACE Message","endOfBatch":false,"loggerFqcn":"org.apache.logging.slf4j.Log4jLogger","threadId":35,"threadPriority":5}
{"instant":{"epochSecond":1688484680,"nanoOfSecond":494670000},"thread":"http-nio-8080-exec-6","level":"DEBUG","loggerName":"de.cjt.controller.LoggingController","message":"A DEBUG Message","endOfBatch":false,"loggerFqcn":"org.apache.logging.slf4j.Log4jLogger","threadId":35,"threadPriority":5}
{"instant":{"epochSecond":1688484680,"nanoOfSecond":494670000},"thread":"http-nio-8080-exec-6","level":"INFO","loggerName":"de.cjt.controller.LoggingController","message":"An INFO Message","endOfBatch":false,"loggerFqcn":"org.apache.logging.slf4j.Log4jLogger","threadId":35,"threadPriority":5}
{"instant":{"epochSecond":1688484680,"nanoOfSecond":494670000},"thread":"http-nio-8080-exec-6","level":"WARN","loggerName":"de.cjt.controller.LoggingController","message":"A WARN Message","endOfBatch":false,"loggerFqcn":"org.apache.logging.slf4j.Log4jLogger","threadId":35,"threadPriority":5}
{"instant":{"epochSecond":1688484680,"nanoOfSecond":494670000},"thread":"http-nio-8080-exec-6","level":"ERROR","loggerName":"de.cjt.controller.LoggingController","message":"An ERROR Message","endOfBatch":false,"loggerFqcn":"org.apache.logging.slf4j.Log4jLogger","threadId":35,"threadPriority":5}
{"instant":{"epochSecond":1688484680,"nanoOfSecond":562499600},"thread":"http-nio-8080-exec-7","level":"TRACE","loggerName":"de.cjt.controller.LoggingController","message":"A TRACE Message","endOfBatch":false,"loggerFqcn":"org.apache.logging.slf4j.Log4jLogger","threadId":36,"threadPriority":5}
{"instant":{"epochSecond":1688484680,"nanoOfSecond":563499500},"thread":"http-nio-8080-exec-7","level":"DEBUG","loggerName":"de.cjt.controller.LoggingController","message":"A DEBUG Message","endOfBatch":false,"loggerFqcn":"org.apache.logging.slf4j.Log4jLogger","threadId":36,"threadPriority":5}
{"instant":{"epochSecond":1688484680,"nanoOfSecond":563499500},"thread":"http-nio-8080-exec-7","level":"INFO","loggerName":"de.cjt.controller.LoggingController","message":"An INFO Message","endOfBatch":false,"loggerFqcn":"org.apache.logging.slf4j.Log4jLogger","threadId":36,"threadPriority":5}
{"instant":{"epochSecond":1688484680,"nanoOfSecond":563499500},"thread":"http-nio-8080-exec-7","level":"WARN","loggerName":"de.cjt.controller.LoggingController","message":"A WARN Message","endOfBatch":false,"loggerFqcn":"org.apache.logging.slf4j.Log4jLogger","threadId":36,"threadPriority":5}
{"instant":{"epochSecond":1688484680,"nanoOfSecond":563499500},"thread":"http-nio-8080-exec-7","level":"ERROR","loggerName":"de.cjt.controller.LoggingController","message":"An ERROR Message","endOfBatch":false,"loggerFqcn":"org.apache.logging.slf4j.Log4jLogger","threadId":36,"threadPriority":5}
{"instant":{"epochSecond":1688484680,"nanoOfSecond":624939200},"thread":"http-nio-8080-exec-8","level":"TRACE","loggerName":"de.cjt.controller.LoggingController","message":"A TRACE Message","endOfBatch":false,"loggerFqcn":"org.apache.logging.slf4j.Log4jLogger","threadId":37,"threadPriority":5}
{"instant":{"epochSecond":1688484680,"nanoOfSecond":625933700},"thread":"http-nio-8080-exec-8","level":"DEBUG","loggerName":"de.cjt.controller.LoggingController","message":"A DEBUG Message","endOfBatch":false,"loggerFqcn":"org.apache.logging.slf4j.Log4jLogger","threadId":37,"threadPriority":5}
{"instant":{"epochSecond":1688484680,"nanoOfSecond":625933700},"thread":"http-nio-8080-exec-8","level":"INFO","loggerName":"de.cjt.controller.LoggingController","message":"An INFO Message","endOfBatch":false,"loggerFqcn":"org.apache.logging.slf4j.Log4jLogger","threadId":37,"threadPriority":5}
{"instant":{"epochSecond":1688484680,"nanoOfSecond":625933700},"thread":"http-nio-8080-exec-8","level":"WARN","loggerName":"de.cjt.controller.LoggingController","message":"A WARN Message","endOfBatch":false,"loggerFqcn":"org.apache.logging.slf4j.Log4jLogger","threadId":37,"threadPriority":5}
{"instant":{"epochSecond":1688484680,"nanoOfSecond":625933700},"thread":"http-nio-8080-exec-8","level":"ERROR","loggerName":"de.cjt.controller.LoggingController","message":"An ERROR Message","endOfBatch":false,"loggerFqcn":"org.apache.logging.slf4j.Log4jLogger","threadId":37,"threadPriority":5}
{"instant":{"epochSecond":1688484680,"nanoOfSecond":683078700},"thread":"http-nio-8080-exec-10","level":"TRACE","loggerName":"de.cjt.controller.LoggingController","message":"A TRACE Message","endOfBatch":false,"loggerFqcn":"org.apache.logging.slf4j.Log4jLogger","threadId":39,"threadPriority":5}
{"instant":{"epochSecond":1688484680,"nanoOfSecond":683078700},"thread":"http-nio-8080-exec-10","level":"DEBUG","loggerName":"de.cjt.controller.LoggingController","message":"A DEBUG Message","endOfBatch":false,"loggerFqcn":"org.apache.logging.slf4j.Log4jLogger","threadId":39,"threadPriority":5}
{"instant":{"epochSecond":1688484680,"nanoOfSecond":683078700},"thread":"http-nio-8080-exec-10","level":"INFO","loggerName":"de.cjt.controller.LoggingController","message":"An INFO Message","endOfBatch":false,"loggerFqcn":"org.apache.logging.slf4j.Log4jLogger","threadId":39,"threadPriority":5}
{"instant":{"epochSecond":1688484680,"nanoOfSecond":683078700},"thread":"http-nio-8080-exec-10","level":"WARN","loggerName":"de.cjt.controller.LoggingController","message":"A WARN Message","endOfBatch":false,"loggerFqcn":"org.apache.logging.slf4j.Log4jLogger","threadId":39,"threadPriority":5}
{"instant":{"epochSecond":1688484680,"nanoOfSecond":683078700},"thread":"http-nio-8080-exec-10","level":"ERROR","loggerName":"de.cjt.controller.LoggingController","message":"An ERROR Message","endOfBatch":false,"loggerFqcn":"org.apache.logging.slf4j.Log4jLogger","threadId":39,"threadPriority":5}
{"instant":{"epochSecond":1688484680,"nanoOfSecond":746154600},"thread":"http-nio-8080-exec-1","level":"TRACE","loggerName":"de.cjt.controller.LoggingController","message":"A TRACE Message","endOfBatch":false,"loggerFqcn":"org.apache.logging.slf4j.Log4jLogger","threadId":30,"threadPriority":5}
{"instant":{"epochSecond":1688484680,"nanoOfSecond":746154600},"thread":"http-nio-8080-exec-1","level":"DEBUG","loggerName":"de.cjt.controller.LoggingController","message":"A DEBUG Message","endOfBatch":false,"loggerFqcn":"org.apache.logging.slf4j.Log4jLogger","threadId":30,"threadPriority":5}
{"instant":{"epochSecond":1688484680,"nanoOfSecond":746154600},"thread":"http-nio-8080-exec-1","level":"INFO","loggerName":"de.cjt.controller.LoggingController","message":"An INFO Message","endOfBatch":false,"loggerFqcn":"org.apache.logging.slf4j.Log4jLogger","threadId":30,"threadPriority":5}
{"instant":{"epochSecond":1688484680,"nanoOfSecond":746154600},"thread":"http-nio-8080-exec-1","level":"WARN","loggerName":"de.cjt.controller.LoggingController","message":"A WARN Message","endOfBatch":false,"loggerFqcn":"org.apache.logging.slf4j.Log4jLogger","threadId":30,"threadPriority":5}
{"instant":{"epochSecond":1688484680,"nanoOfSecond":746154600},"thread":"http-nio-8080-exec-1","level":"ERROR","loggerName":"de.cjt.controller.LoggingController","message":"An ERROR Message","endOfBatch":false,"loggerFqcn":"org.apache.logging.slf4j.Log4jLogger","threadId":30,"threadPriority":5}
{"instant":{"epochSecond":1688484680,"nanoOfSecond":760158500},"thread":"http-nio-8080-exec-9","level":"TRACE","loggerName":"de.cjt.controller.LoggingController","message":"A TRACE Message","endOfBatch":false,"loggerFqcn":"org.apache.logging.slf4j.Log4jLogger","threadId":38,"threadPriority":5}
{"instant":{"epochSecond":1688484680,"nanoOfSecond":760158500},"thread":"http-nio-8080-exec-9","level":"DEBUG","loggerName":"de.cjt.controller.LoggingController","message":"A DEBUG Message","endOfBatch":false,"loggerFqcn":"org.apache.logging.slf4j.Log4jLogger","threadId":38,"threadPriority":5}
{"instant":{"epochSecond":1688484680,"nanoOfSecond":760158500},"thread":"http-nio-8080-exec-9","level":"INFO","loggerName":"de.cjt.controller.LoggingController","message":"An INFO Message","endOfBatch":false,"loggerFqcn":"org.apache.logging.slf4j.Log4jLogger","threadId":38,"threadPriority":5}
{"instant":{"epochSecond":1688484680,"nanoOfSecond":760158500},"thread":"http-nio-8080-exec-9","level":"WARN","loggerName":"de.cjt.controller.LoggingController","message":"A WARN Message","endOfBatch":false,"loggerFqcn":"org.apache.logging.slf4j.Log4jLogger","threadId":38,"threadPriority":5}
{"instant":{"epochSecond":1688484680,"nanoOfSecond":760158500},"thread":"http-nio-8080-exec-9","level":"ERROR","loggerName":"de.cjt.controller.LoggingController","message":"An ERROR Message","endOfBatch":false,"loggerFqcn":"org.apache.logging.slf4j.Log4jLogger","threadId":38,"threadPriority":5}
{"instant":{"epochSecond":1688484680,"nanoOfSecond":779163000},"thread":"http-nio-8080-exec-2","level":"TRACE","loggerName":"de.cjt.controller.LoggingController","message":"A TRACE Message","endOfBatch":false,"loggerFqcn":"org.apache.logging.slf4j.Log4jLogger","threadId":31,"threadPriority":5}
{"instant":{"epochSecond":1688484680,"nanoOfSecond":779163000},"thread":"http-nio-8080-exec-2","level":"DEBUG","loggerName":"de.cjt.controller.LoggingController","message":"A DEBUG Message","endOfBatch":false,"loggerFqcn":"org.apache.logging.slf4j.Log4jLogger","threadId":31,"threadPriority":5}
{"instant":{"epochSecond":1688484680,"nanoOfSecond":779163000},"thread":"http-nio-8080-exec-2","level":"INFO","loggerName":"de.cjt.controller.LoggingController","message":"An INFO Message","endOfBatch":false,"loggerFqcn":"org.apache.logging.slf4j.Log4jLogger","threadId":31,"threadPriority":5}
{"instant":{"epochSecond":1688484680,"nanoOfSecond":779163000},"thread":"http-nio-8080-exec-2","level":"WARN","loggerName":"de.cjt.controller.LoggingController","message":"A WARN Message","endOfBatch":false,"loggerFqcn":"org.apache.logging.slf4j.Log4jLogger","threadId":31,"threadPriority":5}
{"instant":{"epochSecond":1688484680,"nanoOfSecond":779163000},"thread":"http-nio-8080-exec-2","level":"ERROR","loggerName":"de.cjt.controller.LoggingController","message":"An ERROR Message","endOfBatch":false,"loggerFqcn":"org.apache.logging.slf4j.Log4jLogger","threadId":31,"threadPriority":5}
{"instant":{"epochSecond":1688484680,"nanoOfSecond":846996100},"thread":"http-nio-8080-exec-4","level":"TRACE","loggerName":"de.cjt.controller.LoggingController","message":"A TRACE Message","endOfBatch":false,"loggerFqcn":"org.apache.logging.slf4j.Log4jLogger","threadId":33,"threadPriority":5}
{"instant":{"epochSecond":1688484680,"nanoOfSecond":846996100},"thread":"http-nio-8080-exec-4","level":"DEBUG","loggerName":"de.cjt.controller.LoggingController","message":"A DEBUG Message","endOfBatch":false,"loggerFqcn":"org.apache.logging.slf4j.Log4jLogger","threadId":33,"threadPriority":5}
{"instant":{"epochSecond":1688484680,"nanoOfSecond":846996100},"thread":"http-nio-8080-exec-4","level":"INFO","loggerName":"de.cjt.controller.LoggingController","message":"An INFO Message","endOfBatch":false,"loggerFqcn":"org.apache.logging.slf4j.Log4jLogger","threadId":33,"threadPriority":5}
{"instant":{"epochSecond":1688484680,"nanoOfSecond":846996100},"thread":"http-nio-8080-exec-4","level":"WARN","loggerName":"de.cjt.controller.LoggingController","message":"A WARN Message","endOfBatch":false,"loggerFqcn":"org.apache.logging.slf4j.Log4jLogger","threadId":33,"threadPriority":5}
{"instant":{"epochSecond":1688484680,"nanoOfSecond":847996100},"thread":"http-nio-8080-exec-4","level":"ERROR","loggerName":"de.cjt.controller.LoggingController","message":"An ERROR Message","endOfBatch":false,"loggerFqcn":"org.apache.logging.slf4j.Log4jLogger","threadId":33,"threadPriority":5}
{"instant":{"epochSecond":1688484680,"nanoOfSecond":867998500},"thread":"http-nio-8080-exec-5","level":"TRACE","loggerName":"de.cjt.controller.LoggingController","message":"A TRACE Message","endOfBatch":false,"loggerFqcn":"org.apache.logging.slf4j.Log4jLogger","threadId":34,"threadPriority":5}
{"instant":{"epochSecond":1688484680,"nanoOfSecond":867998500},"thread":"http-nio-8080-exec-5","level":"DEBUG","loggerName":"de.cjt.controller.LoggingController","message":"A DEBUG Message","endOfBatch":false,"loggerFqcn":"org.apache.logging.slf4j.Log4jLogger","threadId":34,"threadPriority":5}
{"instant":{"epochSecond":1688484680,"nanoOfSecond":867998500},"thread":"http-nio-8080-exec-5","level":"INFO","loggerName":"de.cjt.controller.LoggingController","message":"An INFO Message","endOfBatch":false,"loggerFqcn":"org.apache.logging.slf4j.Log4jLogger","threadId":34,"threadPriority":5}
{"instant":{"epochSecond":1688484680,"nanoOfSecond":867998500},"thread":"http-nio-8080-exec-5","level":"WARN","loggerName":"de.cjt.controller.LoggingController","message":"A WARN Message","endOfBatch":false,"loggerFqcn":"org.apache.logging.slf4j.Log4jLogger","threadId":34,"threadPriority":5}
{"instant":{"epochSecond":1688484680,"nanoOfSecond":867998500},"thread":"http-nio-8080-exec-5","level":"ERROR","loggerName":"de.cjt.controller.LoggingController","message":"An ERROR Message","endOfBatch":false,"loggerFqcn":"org.apache.logging.slf4j.Log4jLogger","threadId":34,"threadPriority":5}
{"instant":{"epochSecond":1688484680,"nanoOfSecond":932013200},"thread":"http-nio-8080-exec-3","level":"TRACE","loggerName":"de.cjt.controller.LoggingController","message":"A TRACE Message","endOfBatch":false,"loggerFqcn":"org.apache.logging.slf4j.Log4jLogger","threadId":32,"threadPriority":5}
{"instant":{"epochSecond":1688484680,"nanoOfSecond":933012500},"thread":"http-nio-8080-exec-3","level":"DEBUG","loggerName":"de.cjt.controller.LoggingController","message":"A DEBUG Message","endOfBatch":false,"loggerFqcn":"org.apache.logging.slf4j.Log4jLogger","threadId":32,"threadPriority":5}
{"instant":{"epochSecond":1688484680,"nanoOfSecond":933012500},"thread":"http-nio-8080-exec-3","level":"INFO","loggerName":"de.cjt.controller.LoggingController","message":"An INFO Message","endOfBatch":false,"loggerFqcn":"org.apache.logging.slf4j.Log4jLogger","threadId":32,"threadPriority":5}
{"instant":{"epochSecond":1688484680,"nanoOfSecond":933012500},"thread":"http-nio-8080-exec-3","level":"WARN","loggerName":"de.cjt.controller.LoggingController","message":"A WARN Message","endOfBatch":false,"loggerFqcn":"org.apache.logging.slf4j.Log4jLogger","threadId":32,"threadPriority":5}
{"instant":{"epochSecond":1688484680,"nanoOfSecond":933012500},"thread":"http-nio-8080-exec-3","level":"ERROR","loggerName":"de.cjt.controller.LoggingController","message":"An ERROR Message","endOfBatch":false,"loggerFqcn":"org.apache.logging.slf4j.Log4jLogger","threadId":32,"threadPriority":5}
{"instant":{"epochSecond":1688484680,"nanoOfSecond":947014900},"thread":"http-nio-8080-exec-6","level":"TRACE","loggerName":"de.cjt.controller.LoggingController","message":"A TRACE Message","endOfBatch":false,"loggerFqcn":"org.apache.logging.slf4j.Log4jLogger","threadId":35,"threadPriority":5}
{"instant":{"epochSecond":1688484680,"nanoOfSecond":948017200},"thread":"http-nio-8080-exec-6","level":"DEBUG","loggerName":"de.cjt.controller.LoggingController","message":"A DEBUG Message","endOfBatch":false,"loggerFqcn":"org.apache.logging.slf4j.Log4jLogger","threadId":35,"threadPriority":5}
{"instant":{"epochSecond":1688484680,"nanoOfSecond":948017200},"thread":"http-nio-8080-exec-6","level":"INFO","loggerName":"de.cjt.controller.LoggingController","message":"An INFO Message","endOfBatch":false,"loggerFqcn":"org.apache.logging.slf4j.Log4jLogger","threadId":35,"threadPriority":5}
{"instant":{"epochSecond":1688484680,"nanoOfSecond":948017200},"thread":"http-nio-8080-exec-6","level":"WARN","loggerName":"de.cjt.controller.LoggingController","message":"A WARN Message","endOfBatch":false,"loggerFqcn":"org.apache.logging.slf4j.Log4jLogger","threadId":35,"threadPriority":5}
{"instant":{"epochSecond":1688484680,"nanoOfSecond":948017200},"thread":"http-nio-8080-exec-6","level":"ERROR","loggerName":"de.cjt.controller.LoggingController","message":"An ERROR Message","endOfBatch":false,"loggerFqcn":"org.apache.logging.slf4j.Log4jLogger","threadId":35,"threadPriority":5}
{"instant":{"epochSecond":1688484681,"nanoOfSecond":32260000},"thread":"http-nio-8080-exec-7","level":"TRACE","loggerName":"de.cjt.controller.LoggingController","message":"A TRACE Message","endOfBatch":false,"loggerFqcn":"org.apache.logging.slf4j.Log4jLogger","threadId":36,"threadPriority":5}
{"instant":{"epochSecond":1688484681,"nanoOfSecond":32260000},"thread":"http-nio-8080-exec-7","level":"DEBUG","loggerName":"de.cjt.controller.LoggingController","message":"A DEBUG Message","endOfBatch":false,"loggerFqcn":"org.apache.logging.slf4j.Log4jLogger","threadId":36,"threadPriority":5}
{"instant":{"epochSecond":1688484681,"nanoOfSecond":32260000},"thread":"http-nio-8080-exec-7","level":"INFO","loggerName":"de.cjt.controller.LoggingController","message":"An INFO Message","endOfBatch":false,"loggerFqcn":"org.apache.logging.slf4j.Log4jLogger","threadId":36,"threadPriority":5}
{"instant":{"epochSecond":1688484681,"nanoOfSecond":32260000},"thread":"http-nio-8080-exec-7","level":"WARN","loggerName":"de.cjt.controller.LoggingController","message":"A WARN Message","endOfBatch":false,"loggerFqcn":"org.apache.logging.slf4j.Log4jLogger","threadId":36,"threadPriority":5}
{"instant":{"epochSecond":1688484681,"nanoOfSecond":32260000},"thread":"http-nio-8080-exec-7","level":"ERROR","loggerName":"de.cjt.controller.LoggingController","message":"An ERROR Message","endOfBatch":false,"loggerFqcn":"org.apache.logging.slf4j.Log4jLogger","threadId":36,"threadPriority":5}
{"instant":{"epochSecond":1688484681,"nanoOfSecond":49263700},"thread":"http-nio-8080-exec-8","level":"TRACE","loggerName":"de.cjt.controller.LoggingController","message":"A TRACE Message","endOfBatch":false,"loggerFqcn":"org.apache.logging.slf4j.Log4jLogger","threadId":37,"threadPriority":5}
