{"instant":{"epochSecond":1688484678,"nanoOfSecond":484659400},"thread":"http-nio-8080-exec-9","level":"DEBUG","loggerName":"de.cjt.controller.LoggingController","message":"A DEBUG Message","endOfBatch":false,"loggerFqcn":"org.apache.logging.slf4j.Log4jLogger","threadId":38,"threadPriority":5}
{"instant":{"epochSecond":1688484678,"nanoOfSecond":502845700},"thread":"http-nio-8080-exec-1","level":"TRACE","loggerName":"de.cjt.controller.LoggingController","message":"A TRACE Message","endOfBatch":false,"loggerFqcn":"org.apache.logging.slf4j.Log4jLogger","threadId":30,"threadPriority":5}
{"instant":{"epochSecond":1688484678,"nanoOfSecond":505841400},"thread":"http-nio-8080-exec-1","level":"DEBUG","loggerName":"de.cjt.controller.LoggingController","message":"A DEBUG Message","endOfBatch":false,"loggerFqcn":"org.apache.logging.slf4j.Log4jLogger","threadId":30,"threadPriority":5}
{"instant":{"epochSecond":1688484678,"nanoOfSecond":505841400},"thread":"http-nio-8080-exec-9","level":"INFO","loggerName":"de.cjt.controller.LoggingController","message":"An INFO Message","endOfBatch":false,"loggerFqcn":"org.apache.logging.slf4j.Log4jLogger","threadId":38,"threadPriority":5}
{"instant":{"epochSecond":1688484678,"nanoOfSecond":506841900},"thread":"http-nio-8080-exec-1","level":"INFO","loggerName":"de.cjt.controller.LoggingController","message":"An INFO Message","endOfBatch":false,"loggerFqcn":"org.apache.logging.slf4j.Log4jLogger","threadId":30,"threadPriority":5}
{"instant":{"epochSecond":1688484678,"nanoOfSecond":506841900},"thread":"http-nio-8080-exec-9","level":"WARN","loggerName":"de.cjt.controller.LoggingController","message":"A WARN Message","endOfBatch":false,"loggerFqcn":"org.apache.logging.slf4j.Log4jLogger","threadId":38,"threadPriority":5}
{"instant":{"epochSecond":1688484678,"nanoOfSecond":506841900},"thread":"http-nio-8080-exec-1","level":"WARN","loggerName":"de.cjt.controller.LoggingController","message":"A WARN Message","endOfBatch":false,"loggerFqcn":"org.apache.logging.slf4j.Log4jLogger","threadId":30,"threadPriority":5}
{"instant":{"epochSecond":1688484678,"nanoOfSecond":506841900},"thread":"http-nio-8080-exec-9","level":"ERROR","loggerName":"de.cjt.controller.LoggingController","message":"An ERROR Message","endOfBatch":false,"loggerFqcn":"org.apache.logging.slf4j.Log4jLogger","threadId":38,"threadPriority":5}
{"instant":{"epochSecond":1688484678,"nanoOfSecond":506841900},"thread":"http-nio-8080-exec-1","level":"ERROR","loggerName":"de.cjt.controller.LoggingController","message":"An ERROR Message","endOfBatch":false,"loggerFqcn":"org.apache.logging.slf4j.Log4jLogger","threadId":30,"threadPriority":5}
{"instant":{"epochSecond":1688484678,"nanoOfSecond":563859000},"thread":"http-nio-8080-exec-2","level":"TRACE","loggerName":"de.cjt.controller.LoggingController","message":"A TRACE Message","endOfBatch":false,"loggerFqcn":"org.apache.logging.slf4j.Log4jLogger","threadId":31,"threadPriority":5}
{"instant":{"epochSecond":1688484678,"nanoOfSecond":563859000},"thread":"http-nio-8080-exec-2","level":"DEBUG","loggerName":"de.cjt.controller.LoggingController","message":"A DEBUG Message","endOfBatch":false,"loggerFqcn":"org.apache.logging.slf4j.Log4jLogger","threadId":31,"threadPriority":5}
{"instant":{"epochSecond":1688484678,"nanoOfSecond":563859000},"thread":"http-nio-8080-exec-2","level":"INFO","loggerName":"de.cjt.controller.LoggingController","message":"An INFO Message","endOfBatch":false,"loggerFqcn":"org.apache.logging.slf4j.Log4jLogger","threadId":31,"threadPriority":5}
{"instant":{"epochSecond":1688484678,"nanoOfSecond":563859000},"thread":"http-nio-8080-exec-2","level":"WARN","loggerName":"de.cjt.controller.LoggingController","message":"A WARN Message","endOfBatch":false,"loggerFqcn":"org.apache.logging.slf4j.Log4jLogger","threadId":31,"threadPriority":5}
{"instant":{"epochSecond":1688484678,"nanoOfSecond":563859000},"thread":"http-nio-8080-exec-2","level":"ERROR","loggerName":"de.cjt.controller.LoggingController","message":"An ERROR Message","endOfBatch":false,"loggerFqcn":"org.apache.logging.slf4j.Log4jLogger","threadId":31,"threadPriority":5}
{"instant":{"epochSecond":1688484678,"nanoOfSecond":627217900},"thread":"http-nio-8080-exec-4","level":"TRACE","loggerName":"de.cjt.controller.LoggingController","message":"A TRACE Message","endOfBatch":false,"loggerFqcn":"org.apache.logging.slf4j.Log4jLogger","threadId":33,"threadPriority":5}
{"instant":{"epochSecond":1688484678,"nanoOfSecond":627217900},"thread":"http-nio-8080-exec-4","level":"DEBUG","loggerName":"de.cjt.controller.LoggingController","message":"A DEBUG Message","endOfBatch":false,"loggerFqcn":"org.apache.logging.slf4j.Log4jLogger","threadId":33,"threadPriority":5}
{"instant":{"epochSecond":1688484678,"nanoOfSecond":627217900},"thread":"http-nio-8080-exec-4","level":"INFO","loggerName":"de.cjt.controller.LoggingController","message":"An INFO Message","endOfBatch":false,"loggerFqcn":"org.apache.logging.slf4j.Log4jLogger","threadId":33,"threadPriority":5}
{"instant":{"epochSecond":1688484678,"nanoOfSecond":627217900},"thread":"http-nio-8080-exec-4","level":"WARN","loggerName":"de.cjt.controller.LoggingController","message":"A WARN Message","endOfBatch":false,"loggerFqcn":"org.apache.logging.slf4j.Log4jLogger","threadId":33,"threadPriority":5}
{"instant":{"epochSecond":1688484678,"nanoOfSecond":627217900},"thread":"http-nio-8080-exec-4","level":"ERROR","loggerName":"de.cjt.controller.LoggingController","message":"An ERROR Message","endOfBatch":false,"loggerFqcn":"org.apache.logging.slf4j.Log4jLogger","threadId":33,"threadPriority":5}
{"instant":{"epochSecond":1688484678,"nanoOfSecond":685230900},"thread":"http-nio-8080-exec-5","level":"TRACE","loggerName":"de.cjt.controller.LoggingController","message":"A TRACE Message","endOfBatch":false,"loggerFqcn":"org.apache.logging.slf4j.Log4jLogger","threadId":34,"threadPriority":5}
{"instant":{"epochSecond":1688484678,"nanoOfSecond":685230900},"thread":"http-nio-8080-exec-5","level":"DEBUG","loggerName":"de.cjt.controller.LoggingController","message":"A DEBUG Message","endOfBatch":false,"loggerFqcn":"org.apache.logging.slf4j.Log4jLogger","threadId":34,"threadPriority":5}
{"instant":{"epochSecond":1688484678,"nanoOfSecond":685230900},"thread":"http-nio-8080-exec-5","level":"INFO","loggerName":"de.cjt.controller.LoggingController","message":"An INFO Message","endOfBatch":false,"loggerFqcn":"org.apache.logging.slf4j.Log4jLogger","threadId":34,"threadPriority":5}
{"instant":{"epochSecond":1688484678,"nanoOfSecond":685230900},"thread":"http-nio-8080-exec-5","level":"WARN","loggerName":"de.cjt.controller.LoggingController","message":"A WARN Message","endOfBatch":false,"loggerFqcn":"org.apache.logging.slf4j.Log4jLogger","threadId":34,"threadPriority":5}
{"instant":{"epochSecond":1688484678,"nanoOfSecond":685230900},"thread":"http-nio-8080-exec-5","level":"ERROR","loggerName":"de.cjt.controller.LoggingController","message":"An ERROR Message","endOfBatch":false,"loggerFqcn":"org.apache.logging.slf4j.Log4jLogger","threadId":34,"threadPriority":5}
{"instant":{"epochSecond":1688484678,"nanoOfSecond":755547100},"thread":"http-nio-8080-exec-3","level":"TRACE","loggerName":"de.cjt.controller.LoggingController","message":"A TRACE Message","endOfBatch":false,"loggerFqcn":"org.apache.logging.slf4j.Log4jLogger","threadId":32,"threadPriority":5}
{"instant":{"epochSecond":1688484678,"nanoOfSecond":756547300},"thread":"http-nio-8080-exec-3","level":"DEBUG","loggerName":"de.cjt.controller.LoggingController","message":"A DEBUG Message","endOfBatch":false,"loggerFqcn":"org.apache.logging.slf4j.Log4jLogger","threadId":32,"threadPriority":5}
{"instant":{"epochSecond":1688484678,"nanoOfSecond":756547300},"thread":"http-nio-8080-exec-3","level":"INFO","loggerName":"de.cjt.controller.LoggingController","message":"An INFO Message","endOfBatch":false,"loggerFqcn":"org.apache.logging.slf4j.Log4jLogger","threadId":32,"threadPriority":5}
{"instant":{"epochSecond":1688484678,"nanoOfSecond":756547300},"thread":"http-nio-8080-exec-3","level":"WARN","loggerName":"de.cjt.controller.LoggingController","message":"A WARN Message","endOfBatch":false,"loggerFqcn":"org.apache.logging.slf4j.Log4jLogger","threadId":32,"threadPriority":5}
{"instant":{"epochSecond":1688484678,"nanoOfSecond":756547300},"thread":"http-nio-8080-exec-3","level":"ERROR","loggerName":"de.cjt.controller.LoggingController","message":"An ERROR Message","endOfBatch":false,"loggerFqcn":"org.apache.logging.slf4j.Log4jLogger","threadId":32,"threadPriority":5}
{"instant":{"epochSecond":1688484678,"nanoOfSecond":767549500},"thread":"http-nio-8080-exec-6","level":"TRACE","loggerName":"de.cjt.controller.LoggingController","message":"A TRACE Message","endOfBatch":false,"loggerFqcn":"org.apache.logging.slf4j.Log4jLogger","threadId":35,"threadPriority":5}
{"instant":{"epochSecond":1688484678,"nanoOfSecond":767549500},"thread":"http-nio-8080-exec-6","level":"DEBUG","loggerName":"de.cjt.controller.LoggingController","message":"A DEBUG Message","endOfBatch":false,"loggerFqcn":"org.apache.logging.slf4j.Log4jLogger","threadId":35,"threadPriority":5}
{"instant":{"epochSecond":1688484678,"nanoOfSecond":767549500},"thread":"http-nio-8080-exec-6","level":"INFO","loggerName":"de.cjt.controller.LoggingController","message":"An INFO Message","endOfBatch":false,"loggerFqcn":"org.apache.logging.slf4j.Log4jLogger","threadId":35,"threadPriority":5}
{"instant":{"epochSecond":1688484678,"nanoOfSecond":767549500},"thread":"http-nio-8080-exec-6","level":"WARN","loggerName":"de.cjt.controller.LoggingController","message":"A WARN Message","endOfBatch":false,"loggerFqcn":"org.apache.logging.slf4j.Log4jLogger","threadId":35,"threadPriority":5}
{"instant":{"epochSecond":1688484678,"nanoOfSecond":767549500},"thread":"http-nio-8080-exec-6","level":"ERROR","loggerName":"de.cjt.controller.LoggingController","message":"An ERROR Message","endOfBatch":false,"loggerFqcn":"org.apache.logging.slf4j.Log4jLogger","threadId":35,"threadPriority":5}
{"instant":{"epochSecond":1688484678,"nanoOfSecond":789556500},"thread":"http-nio-8080-exec-7","level":"TRACE","loggerName":"de.cjt.controller.LoggingController","message":"A TRACE Message","endOfBatch":false,"loggerFqcn":"org.apache.logging.slf4j.Log4jLogger","threadId":36,"threadPriority":5}
{"instant":{"epochSecond":1688484678,"nanoOfSecond":789556500},"thread":"http-nio-8080-exec-7","level":"DEBUG","loggerName":"de.cjt.controller.LoggingController","message":"A DEBUG Message","endOfBatch":false,"loggerFqcn":"org.apache.logging.slf4j.Log4jLogger","threadId":36,"threadPriority":5}
{"instant":{"epochSecond":1688484678,"nanoOfSecond":789556500},"thread":"http-nio-8080-exec-7","level":"INFO","loggerName":"de.cjt.controller.LoggingController","message":"An INFO Message","endOfBatch":false,"loggerFqcn":"org.apache.logging.slf4j.Log4jLogger","threadId":36,"threadPriority":5}
{"instant":{"epochSecond":1688484678,"nanoOfSecond":789556500},"thread":"http-nio-8080-exec-7","level":"WARN","loggerName":"de.cjt.controller.LoggingController","message":"A WARN Message","endOfBatch":false,"loggerFqcn":"org.apache.logging.slf4j.Log4jLogger","threadId":36,"threadPriority":5}
{"instant":{"epochSecond":1688484678,"nanoOfSecond":790553100},"thread":"http-nio-8080-exec-7","level":"ERROR","loggerName":"de.cjt.controller.LoggingController","message":"An ERROR Message","endOfBatch":false,"loggerFqcn":"org.apache.logging.slf4j.Log4jLogger","threadId":36,"threadPriority":5}
{"instant":{"epochSecond":1688484678,"nanoOfSecond":846636700},"thread":"http-nio-8080-exec-8","level":"TRACE","loggerName":"de.cjt.controller.LoggingController","message":"A TRACE Message","endOfBatch":false,"loggerFqcn":"org.apache.logging.slf4j.Log4jLogger","threadId":37,"threadPriority":5}
{"instant":{"epochSecond":1688484678,"nanoOfSecond":846636700},"thread":"http-nio-8080-exec-8","level":"DEBUG","loggerName":"de.cjt.controller.LoggingController","message":"A DEBUG Message","endOfBatch":false,"loggerFqcn":"org.apache.logging.slf4j.Log4jLogger","threadId":37,"threadPriority":5}
{"instant":{"epochSecond":1688484678,"nanoOfSecond":846636700},"thread":"http-nio-8080-exec-8","level":"INFO","loggerName":"de.cjt.controller.LoggingController","message":"An INFO Message","endOfBatch":false,"loggerFqcn":"org.apache.logging.slf4j.Log4jLogger","threadId":37,"threadPriority":5}
{"instant":{"epochSecond":1688484678,"nanoOfSecond":846636700},"thread":"http-nio-8080-exec-8","level":"WARN","loggerName":"de.cjt.controller.LoggingController","message":"A WARN Message","endOfBatch":false,"loggerFqcn":"org.apache.logging.slf4j.Log4jLogger","threadId":37,"threadPriority":5}
{"instant":{"epochSecond":1688484678,"nanoOfSecond":846636700},"thread":"http-nio-8080-exec-8","level":"ERROR","loggerName":"de.cjt.controller.LoggingController","message":"An ERROR Message","endOfBatch":false,"loggerFqcn":"org.apache.logging.slf4j.Log4jLogger","threadId":37,"threadPriority":5}
{"instant":{"epochSecond":1688484678,"nanoOfSecond":865671000},"thread":"http-nio-8080-exec-10","level":"TRACE","loggerName":"de.cjt.controller.LoggingController","message":"A TRACE Message","endOfBatch":false,"loggerFqcn":"org.apache.logging.slf4j.Log4jLogger","threadId":39,"threadPriority":5}
{"instant":{"epochSecond":1688484678,"nanoOfSecond":865671000},"thread":"http-nio-8080-exec-10","level":"DEBUG","loggerName":"de.cjt.controller.LoggingController","message":"A DEBUG Message","endOfBatch":false,"loggerFqcn":"org.apache.logging.slf4j.Log4jLogger","threadId":39,"threadPriority":5}
{"instant":{"epochSecond":1688484678,"nanoOfSecond":866664100},"thread":"http-nio-8080-exec-10","level":"INFO","loggerName":"de.cjt.controller.LoggingController","message":"An INFO Message","endOfBatch":false,"loggerFqcn":"org.apache.logging.slf4j.Log4jLogger","threadId":39,"threadPriority":5}
{"instant":{"epochSecond":1688484678,"nanoOfSecond":866664100},"thread":"http-nio-8080-exec-10","level":"WARN","loggerName":"de.cjt.controller.LoggingController","message":"A WARN Message","endOfBatch":false,"loggerFqcn":"org.apache.logging.slf4j.Log4jLogger","threadId":39,"threadPriority":5}
{"instant":{"epochSecond":1688484678,"nanoOfSecond":866664100},"thread":"http-nio-8080-exec-10","level":"ERROR","loggerName":"de.cjt.controller.LoggingController","message":"An ERROR Message","endOfBatch":false,"loggerFqcn":"org.apache.logging.slf4j.Log4jLogger","threadId":39,"threadPriority":5}
{"instant":{"epochSecond":1688484678,"nanoOfSecond":926682100},"thread":"http-nio-8080-exec-1","level":"TRACE","loggerName":"de.cjt.controller.LoggingController","message":"A TRACE Message","endOfBatch":false,"loggerFqcn":"org.apache.logging.slf4j.Log4jLogger","threadId":30,"threadPriority":5}
{"instant":{"epochSecond":1688484678,"nanoOfSecond":926682100},"thread":"http-nio-8080-exec-1","level":"DEBUG","loggerName":"de.cjt.controller.LoggingController","message":"A DEBUG Message","endOfBatch":false,"loggerFqcn":"org.apache.logging.slf4j.Log4jLogger","threadId":30,"threadPriority":5}
{"instant":{"epochSecond":1688484678,"nanoOfSecond":926682100},"thread":"http-nio-8080-exec-1","level":"INFO","loggerName":"de.cjt.controller.LoggingController","message":"An INFO Message","endOfBatch":false,"loggerFqcn":"org.apache.logging.slf4j.Log4jLogger","threadId":30,"threadPriority":5}
{"instant":{"epochSecond":1688484678,"nanoOfSecond":926682100},"thread":"http-nio-8080-exec-1","level":"WARN","loggerName":"de.cjt.controller.LoggingController","message":"A WARN Message","endOfBatch":false,"loggerFqcn":"org.apache.logging.slf4j.Log4jLogger","threadId":30,"threadPriority":5}
{"instant":{"epochSecond":1688484678,"nanoOfSecond":926682100},"thread":"http-nio-8080-exec-1","level":"ERROR","loggerName":"de.cjt.controller.LoggingController","message":"An ERROR Message","endOfBatch":false,"loggerFqcn":"org.apache.logging.slf4j.Log4jLogger","threadId":30,"threadPriority":5}
{"instant":{"epochSecond":1688484678,"nanoOfSecond":942683800},"thread":"http-nio-8080-exec-9","level":"TRACE","loggerName":"de.cjt.controller.LoggingController","message":"A TRACE Message","endOfBatch":false,"loggerFqcn":"org.apache.logging.slf4j.Log4jLogger","threadId":38,"threadPriority":5}
{"instant":{"epochSecond":1688484678,"nanoOfSecond":942683800},"thread":"http-nio-8080-exec-9","level":"DEBUG","loggerName":"de.cjt.controller.LoggingController","message":"A DEBUG Message","endOfBatch":false,"loggerFqcn":"org.apache.logging.slf4j.Log4jLogger","threadId":38,"threadPriority":5}
{"instant":{"epochSecond":1688484678,"nanoOfSecond":942683800},"thread":"http-nio-8080-exec-9","level":"INFO","loggerName":"de.cjt.controller.LoggingController","message":"An INFO Message","endOfBatch":false,"loggerFqcn":"org.apache.logging.slf4j.Log4jLogger","threadId":38,"threadPriority":5}
{"instant":{"epochSecond":1688484678,"nanoOfSecond":942683800},"thread":"http-nio-8080-exec-9","level":"WARN","loggerName":"de.cjt.controller.LoggingController","message":"A WARN Message","endOfBatch":false,"loggerFqcn":"org.apache.logging.slf4j.Log4jLogger","threadId":38,"threadPriority":5}
{"instant":{"epochSecond":1688484678,"nanoOfSecond":942683800},"thread":"http-nio-8080-exec-9","level":"ERROR","loggerName":"de.cjt.controller.LoggingController","message":"An ERROR Message","endOfBatch":false,"loggerFqcn":"org.apache.logging.slf4j.Log4jLogger","threadId":38,"threadPriority":5}
{"instant":{"epochSecond":1688484678,"nanoOfSecond":959690800},"thread":"http-nio-8080-exec-4","level":"TRACE","loggerName":"de.cjt.controller.LoggingController","message":"A TRACE Message","endOfBatch":false,"loggerFqcn":"org.apache.logging.slf4j.Log4jLogger","threadId":33,"threadPriority":5}
{"instant":{"epochSecond":1688484678,"nanoOfSecond":960688100},"thread":"http-nio-8080-exec-4","level":"DEBUG","loggerName":"de.cjt.controller.LoggingController","message":"A DEBUG Message","endOfBatch":false,"loggerFqcn":"org.apache.logging.slf4j.Log4jLogger","threadId":33,"threadPriority":5}
{"instant":{"epochSecond":1688484678,"nanoOfSecond":960688100},"thread":"http-nio-8080-exec-4","level":"INFO","loggerName":"de.cjt.controller.LoggingController","message":"An INFO Message","endOfBatch":false,"loggerFqcn":"org.apache.logging.slf4j.Log4jLogger","threadId":33,"threadPriority":5}
{"instant":{"epochSecond":1688484678,"nanoOfSecond":960688100},"thread":"http-nio-8080-exec-4","level":"WARN","loggerName":"de.cjt.controller.LoggingController","message":"A WARN Message","endOfBatch":false,"loggerFqcn":"org.apache.logging.slf4j.Log4jLogger","threadId":33,"threadPriority":5}
{"instant":{"epochSecond":1688484678,"nanoOfSecond":960688100},"thread":"http-nio-8080-exec-4","level":"ERROR","loggerName":"de.cjt.controller.LoggingController","message":"An ERROR Message","endOfBatch":false,"loggerFqcn":"org.apache.logging.slf4j.Log4jLogger","threadId":33,"threadPriority":5}
{"instant":{"epochSecond":1688484679,"nanoOfSecond":29701000},"thread":"http-nio-8080-exec-5","level":"TRACE","loggerName":"de.cjt.controller.LoggingController","message":"A TRACE Message","endOfBatch":false,"loggerFqcn":"org.apache.logging.slf4j.Log4jLogger","threadId":34,"threadPriority":5}
{"instant":{"epochSecond":1688484679,"nanoOfSecond":29701000},"thread":"http-nio-8080-exec-5","level":"DEBUG","loggerName":"de.cjt.controller.LoggingController","message":"A DEBUG Message","endOfBatch":false,"loggerFqcn":"org.apache.logging.slf4j.Log4jLogger","threadId":34,"threadPriority":5}
{"instant":{"epochSecond":1688484679,"nanoOfSecond":30704700},"thread":"http-nio-8080-exec-5","level":"INFO","loggerName":"de.cjt.controller.LoggingController","message":"An INFO Message","endOfBatch":false,"loggerFqcn":"org.apache.logging.slf4j.Log4jLogger","threadId":34,"threadPriority":5}
{"instant":{"epochSecond":1688484679,"nanoOfSecond":30704700},"thread":"http-nio-8080-exec-5","level":"WARN","loggerName":"de.cjt.controller.LoggingController","message":"A WARN Message","endOfBatch":false,"loggerFqcn":"org.apache.logging.slf4j.Log4jLogger","threadId":34,"threadPriority":5}
{"instant":{"epochSecond":1688484679,"nanoOfSecond":30704700},"thread":"http-nio-8080-exec-5","level":"ERROR","loggerName":"de.cjt.controller.LoggingController","message":"An ERROR Message","endOfBatch":false,"loggerFqcn":"org.apache.logging.slf4j.Log4jLogger","threadId":34,"threadPriority":5}
{"instant":{"epochSecond":1688484679,"nanoOfSecond":81691500},"thread":"http-nio-8080-exec-3","level":"TRACE","loggerName":"de.cjt.controller.LoggingController","message":"A TRACE Message","endOfBatch":false,"loggerFqcn":"org.apache.logging.slf4j.Log4jLogger","threadId":32,"threadPriority":5}
